#
# A fatal error has been detected by the Java Runtime Environment:
#
#  EXCEPTION_ACCESS_VIOLATION (0xc0000005) at pc=0x000000001cf9185d, pid=1828, tid=6480
#
# JRE version: 6.0_17-b04
# Java VM: Java HotSpot(TM) 64-Bit Server VM (14.3-b01 mixed mode windows-amd64 )
# Problematic frame:
# C  0x000000001cf9185d
#
# If you would like to submit a bug report, please visit:
#   http://java.sun.com/webapps/bugreport/crash.jsp
# The crash happened outside the Java Virtual Machine in native code.
# See problematic frame for where to report the bug.
#

---------------  T H R E A D  ---------------

Current thread (0x000000000ee1f800):  JavaThread "Main message loop" daemon [_thread_in_native, id=6480, stack(0x000000001cfd0000,0x000000001d050000)]

siginfo: ExceptionCode=0xc0000005, reading address 0x000000002d3704a8

Registers:
EAX=0x000000002d3704a8, EBX=0x000000005de13cc8, ECX=0x0000000000000002, EDX=0x0000000000000008
ESP=0x000000001d03df60, EBP=0x000007fef30cbe30, ESI=0x000007fef30e9d48, EDI=0x000000002d370698
EIP=0x000000001cf9185d, EFLAGS=0x0000000000010202

Top of Stack: (sp=0x000000001d03df60)
0x000000001d03df60:   000000005de13cc8 000007fef30cbe30
0x000000001d03df70:   000000005de13cc8 000000002d370698
0x000000001d03df80:   0000000000000018 00000000087afef8
0x000000001d03df90:   0000000078d69180 00000000087adc10
0x000000001d03dfa0:   00000000420731b8 000000002db83df0
0x000000001d03dfb0:   0000000000000000 000000001d03e008
0x000000001d03dfc0:   00000000087adc08 000000001d03e1c0
0x000000001d03dfd0:   000000000ee1f9b8 0000014036250ae4
0x000000001d03dfe0:   000000001d03dff8 00000000420733c0
0x000000001d03dff0:   0000000042fa8d08 000000002d4ca920
0x000000001d03e000:   0000000000000008 0000000042073198
0x000000001d03e010:   0000000034c82160 000000002d7a10cc
0x000000001d03e020:   0000000042073170 0000000078c963fb
0x000000001d03e030:   0000000000000000 0000000078ce7760
0x000000001d03e040:   0000000000000000 000000000ee1f800
0x000000001d03e050:   000000001d03e140 0000000078c9a218 

Instructions: (pc=0x000000001cf9185d)
0x000000001cf9184d:   f3 36 00 00 48 8b 84 24 5c 7d 00 00 48 83 c0 08
0x000000001cf9185d:   83 38 02 7f 0d 48 8b 8c 24 90 7d 00 00 48 8b 01 


Stack: [0x000000001cfd0000,0x000000001d050000],  sp=0x000000001d03df60,  free space=439k
Native frames: (J=compiled Java code, j=interpreted, Vv=VM code, C=native code)
C  0x000000001cf9185d

Java frames: (J=compiled Java code, j=interpreted, Vv=VM code)
j  com.jniwrapper.Function.invokeCFunc(JJB[BII[II)I+0
J  com.jniwrapper.FunctionCall.a(ZJJJIBLcom/jniwrapper/Parameter;[Lcom/jniwrapper/Parameter;)J
j  com.jniwrapper.FunctionCall.call(JJBLcom/jniwrapper/Parameter;[Lcom/jniwrapper/Parameter;)J+11
j  com.jniwrapper.Function.invoke(Lcom/jniwrapper/Parameter;[Lcom/jniwrapper/Parameter;)J+24
j  com.jniwrapper.win32.ui.Wnd.moveWindow(IIIIZ)V+90
j  com.jniwrapper.win32.ie.ar.updateBounds(Lcom/jniwrapper/win32/ui/Wnd;Ljava/awt/Rectangle;Z)V+18
j  com.jniwrapper.win32.ie.de.run()V+93
j  com.jniwrapper.win32.MessageLoopThread$ThreadAction.run()V+4
j  com.jniwrapper.win32.MessageLoopThread$LoopThread.run()V+483
v  ~StubRoutines::call_stub

---------------  P R O C E S S  ---------------

Java Threads: ( => current thread )
  0x000000000ee20800 JavaThread "Image Fetcher 0" daemon [_thread_in_vm, id=4324, stack(0x000000002d500000,0x000000002d580000)]
  0x000000000ee1b000 JavaThread "Timer-239" daemon [_thread_blocked, id=316, stack(0x0000000050c30000,0x0000000050cb0000)]
=>0x000000000ee1f800 JavaThread "Main message loop" daemon [_thread_in_native, id=6480, stack(0x000000001cfd0000,0x000000001d050000)]
  0x000000000ee23000 JavaThread "com.jniwrapper.NativeResourceCollector" daemon [_thread_blocked, id=4004, stack(0x000000004cb70000,0x000000004cbf0000)]
  0x000000000ee25800 JavaThread "Timer queue for AWT thread" daemon [_thread_blocked, id=328, stack(0x000000002d5a0000,0x000000002d620000)]
  0x000000000ee24800 JavaThread "Prefs Updater" daemon [_thread_blocked, id=5068, stack(0x0000000029730000,0x00000000297b0000)]
  0x000000000ee21000 JavaThread "Swing-Shell" daemon [_thread_blocked, id=7720, stack(0x0000000029860000,0x00000000298e0000)]
  0x000000000ee1f000 JavaThread "Code Analyzer updating thread" [_thread_blocked, id=5552, stack(0x0000000063bb0000,0x0000000063c30000)]
  0x000000000ee1c800 JavaThread "Active Reference Queue Daemon" daemon [_thread_blocked, id=3616, stack(0x000000005fa70000,0x000000005faf0000)]
  0x000000000ee1e000 JavaThread "Timer-6" daemon [_thread_blocked, id=3032, stack(0x000000005f930000,0x000000005f9b0000)]
  0x000000000ee1d800 JavaThread "Timer-5" daemon [_thread_blocked, id=6212, stack(0x000000005f860000,0x000000005f8e0000)]
  0x000000000ee1c000 JavaThread "Explorer NavigationContext request queue" [_thread_blocked, id=3156, stack(0x0000000044a40000,0x0000000044ac0000)]
  0x000000000ee1a800 JavaThread "AddressBar directory emptiness poller" [_thread_blocked, id=300, stack(0x000000005ee30000,0x000000005eeb0000)]
  0x000000000ee1a000 JavaThread "Explorer Refresh Service 1547804276" [_thread_blocked, id=4040, stack(0x000000005eec0000,0x000000005ef40000)]
  0x000000000ee19000 JavaThread "TimerQueue" daemon [_thread_blocked, id=3884, stack(0x000000005d700000,0x000000005d780000)]
  0x000000000ee16000 JavaThread "Thread-5" daemon [_thread_blocked, id=7904, stack(0x0000000008df0000,0x0000000008e70000)]
  0x000000000ee18800 JavaThread "FelixPackageAdmin" daemon [_thread_blocked, id=6784, stack(0x000000005d640000,0x000000005d6c0000)]
  0x000000000ee17800 JavaThread "FelixStartLevel" daemon [_thread_blocked, id=6076, stack(0x000000005d580000,0x000000005d600000)]
  0x000000000ee17000 JavaThread "FelixDispatchQueue" daemon [_thread_blocked, id=1560, stack(0x00000000295c0000,0x0000000029640000)]
  0x000000000ef9b800 JavaThread "AWT-EventQueue-0" [_thread_blocked, id=4680, stack(0x0000000050cc0000,0x0000000050d40000)]
  0x000000000efb0800 JavaThread "com.google.common.base.internal.Finalizer" daemon [_thread_blocked, id=4744, stack(0x00000000254f0000,0x0000000025570000)]
  0x000000000ee2d000 JavaThread "AWT-Windows" daemon [_thread_in_native, id=5456, stack(0x0000000021230000,0x00000000212b0000)]
  0x000000000ee27000 JavaThread "AWT-Shutdown" [_thread_blocked, id=6624, stack(0x000000001d150000,0x000000001d1d0000)]
  0x000000000ee26000 JavaThread "Java2D Disposer" daemon [_thread_blocked, id=4464, stack(0x000000001d0a0000,0x000000001d120000)]
  0x000000000eb6c000 JavaThread "Timer-0" [_thread_blocked, id=5848, stack(0x000000000ee70000,0x000000000eef0000)]
  0x000000000eb1d800 JavaThread "EventMgr Dispatcher" daemon [_thread_in_native, id=6584, stack(0x0000000008eb0000,0x000000000ceb0000)]
  0x0000000008710800 JavaThread "Low Memory Detector" daemon [_thread_blocked, id=6468, stack(0x0000000008860000,0x00000000088e0000)]
  0x000000000870b800 JavaThread "CompilerThread1" daemon [_thread_blocked, id=4296, stack(0x0000000054d60000,0x0000000058d60000)]
  0x0000000008706800 JavaThread "CompilerThread0" daemon [_thread_blocked, id=6108, stack(0x0000000050d60000,0x0000000054d60000)]
  0x0000000008705800 JavaThread "Attach Listener" daemon [_thread_blocked, id=4932, stack(0x00000000089d0000,0x0000000008a50000)]
  0x00000000086ab800 JavaThread "Finalizer" daemon [_thread_blocked, id=3424, stack(0x0000000008ab0000,0x0000000008b30000)]
  0x00000000086a3000 JavaThread "Reference Handler" daemon [_thread_blocked, id=3960, stack(0x0000000008910000,0x0000000008990000)]
  0x00000000059de800 JavaThread "main" [_thread_in_native, id=2200, stack(0x0000000000100000,0x0000000004100000)]

Other Threads:
  0x00000000086a2800 VMThread [stack: 0x000000004cbf0000,0x0000000050bf0000] [id=5672]
  0x0000000008744000 WatcherThread [stack: 0x0000000058d60000,0x000000005cd60000] [id=7196]

VM state:not at safepoint (normal execution)

VM Mutex/Monitor currently owned by a thread: None

Heap
 PSYoungGen      total 29376K, used 6203K [0x0000000041940000, 0x0000000043ee0000, 0x0000000044a40000)
  eden space 21952K, 2% used [0x0000000041940000,0x00000000419d0be0,0x0000000042eb0000)
  from space 7424K, 75% used [0x0000000043680000,0x0000000043bfe1e8,0x0000000043dc0000)
  to   space 8000K, 0% used [0x0000000042eb0000,0x0000000042eb0000,0x0000000043680000)
 PSOldGen        total 79040K, used 53483K [0x0000000038640000, 0x000000003d370000, 0x0000000041940000)
  object space 79040K, 67% used [0x0000000038640000,0x000000003ba7ad48,0x000000003d370000)
 PSPermGen       total 127488K, used 76095K [0x0000000030640000, 0x00000000382c0000, 0x0000000038640000)
  object space 127488K, 59% used [0x0000000030640000,0x000000003508ffb0,0x00000000382c0000)

Dynamic libraries:
0x000000013fee0000 - 0x000000013ff0d000 	C:\Program Files\MATLAB\R2012b\bin\win64\matlab.exe
0x00000000772c0000 - 0x0000000077469000 	C:\Windows\SYSTEM32\ntdll.dll
0x00000000771a0000 - 0x00000000772bf000 	C:\Windows\system32\kernel32.dll
0x000007fefd3c0000 - 0x000007fefd42b000 	C:\Windows\system32\KERNELBASE.dll
0x0000000074460000 - 0x000000007451f000 	C:\Program Files\MATLAB\R2012b\bin\win64\libut.dll
0x00000000758a0000 - 0x000000007595c000 	C:\Program Files\MATLAB\R2012b\bin\win64\libmwi18n.dll
0x0000000180000000 - 0x000000018000b000 	C:\Program Files\MATLAB\R2012b\bin\win64\libmwresource_core.dll
0x0000000073110000 - 0x00000000731e3000 	C:\Windows\WinSxS\amd64_microsoft.vc90.crt_1fc8b3b9a1e18e3b_9.0.30729.6161_none_08e61857a83bc251\MSVCP90.dll
0x0000000071a20000 - 0x0000000071ac3000 	C:\Windows\WinSxS\amd64_microsoft.vc90.crt_1fc8b3b9a1e18e3b_9.0.30729.6161_none_08e61857a83bc251\MSVCR90.dll
0x000000007a170000 - 0x000000007a19c000 	C:\Program Files\MATLAB\R2012b\bin\win64\boost_filesystem-vc90-mt-1_44.dll
0x000000007a560000 - 0x000000007a569000 	C:\Program Files\MATLAB\R2012b\bin\win64\boost_system-vc90-mt-1_44.dll
0x000007fefe500000 - 0x000007fefe5db000 	C:\Windows\system32\ADVAPI32.dll
0x000007fefea20000 - 0x000007fefeabf000 	C:\Windows\system32\msvcrt.dll
0x000007fefebd0000 - 0x000007fefebef000 	C:\Windows\SYSTEM32\sechost.dll
0x000007fefef90000 - 0x000007feff0bd000 	C:\Windows\system32\RPCRT4.dll
0x000000007a010000 - 0x000000007a035000 	C:\Program Files\MATLAB\R2012b\bin\win64\LIBEXPAT.dll
0x000000006df10000 - 0x000000006e101000 	C:\Program Files\MATLAB\R2012b\bin\win64\icuin44.dll
0x000000006e290000 - 0x000000006e401000 	C:\Program Files\MATLAB\R2012b\bin\win64\icuuc44.dll
0x0000000010000000 - 0x0000000010e41000 	C:\Program Files\MATLAB\R2012b\bin\win64\icudt44.dll
0x0000000073f70000 - 0x000000007411d000 	C:\Program Files\MATLAB\R2012b\bin\win64\libmwfl.dll
0x0000000004310000 - 0x00000000046c6000 	C:\Program Files\MATLAB\R2012b\bin\win64\libmwMATLAB_res.dll
0x000000007a3b0000 - 0x000000007a3c0000 	C:\Program Files\MATLAB\R2012b\bin\win64\boost_date_time-vc90-mt-1_44.dll
0x000000007a250000 - 0x000000007a263000 	C:\Program Files\MATLAB\R2012b\bin\win64\boost_signals-vc90-mt-1_44.dll
0x000000007a2d0000 - 0x000000007a2e2000 	C:\Program Files\MATLAB\R2012b\bin\win64\boost_thread-vc90-mt-1_44.dll
0x00000000046d0000 - 0x000000000478d000 	C:\Program Files\MATLAB\R2012b\bin\win64\boost_log-vc90-mt-1_44.dll
0x0000000077480000 - 0x0000000077487000 	C:\Windows\system32\PSAPI.DLL
0x000007feff0c0000 - 0x000007feff10d000 	C:\Windows\system32\WS2_32.dll
0x000007fefe320000 - 0x000007fefe328000 	C:\Windows\system32\NSI.dll
0x00000000041a0000 - 0x00000000041e6000 	C:\Program Files\MATLAB\R2012b\bin\win64\tbb.dll
0x000007fefe260000 - 0x000007fefe279000 	C:\Windows\system32\imagehlp.dll
0x0000000072fd0000 - 0x0000000072fe3000 	C:\Program Files\MATLAB\R2012b\bin\win64\icuio44.dll
0x000007fef6e30000 - 0x000007fef6f55000 	C:\Windows\system32\dbghelp.dll
0x00000000770a0000 - 0x000000007719a000 	C:\Windows\system32\USER32.dll
0x000007fefe400000 - 0x000007fefe467000 	C:\Windows\system32\GDI32.dll
0x000007fefe470000 - 0x000007fefe47e000 	C:\Windows\system32\LPK.dll
0x000007fefe330000 - 0x000007fefe3f9000 	C:\Windows\system32\USP10.dll
0x0000000004790000 - 0x0000000004a6c000 	C:\Program Files\MATLAB\R2012b\bin\win64\libmwservices.dll
0x0000000075a20000 - 0x0000000075af3000 	C:\Program Files\MATLAB\R2012b\bin\win64\libmx.dll
0x0000000004a90000 - 0x0000000004ab9000 	C:\Program Files\MATLAB\R2012b\bin\win64\tbbmalloc.dll
0x000000007a210000 - 0x000000007a228000 	C:\Program Files\MATLAB\R2012b\bin\win64\zlib1.dll
0x0000000004ae0000 - 0x0000000004b2d000 	C:\Program Files\MATLAB\R2012b\bin\win64\libmwregexp.dll
0x0000000004b40000 - 0x0000000004b63000 	C:\Program Files\MATLAB\R2012b\bin\win64\libmwmfl_scalar.dll
0x0000000075f10000 - 0x0000000075f60000 	C:\Program Files\MATLAB\R2012b\bin\win64\mpath.dll
0x000000007b680000 - 0x000000007bc9a000 	C:\Program Files\MATLAB\R2012b\bin\win64\mlutil.dll
0x00000000754d0000 - 0x0000000075551000 	C:\Program Files\MATLAB\R2012b\bin\win64\xmlcore.dll
0x0000000004bb0000 - 0x0000000004e03000 	C:\Program Files\MATLAB\R2012b\bin\win64\xerces-c_2_7.dll
0x0000000004e20000 - 0x0000000004e40000 	C:\Program Files\MATLAB\R2012b\bin\win64\libmwMATLAB_settings_res.dll
0x0000000004e50000 - 0x0000000004e60000 	C:\Program Files\MATLAB\R2012b\bin\win64\boost_iostreams-vc90-mt-1_44.dll
0x0000000004e70000 - 0x0000000004eb7000 	C:\Program Files\MATLAB\R2012b\bin\win64\boost_serialization-vc90-mt-1_44.dll
0x000007fefd4d0000 - 0x000007fefe258000 	C:\Windows\system32\SHELL32.dll
0x000007fefe480000 - 0x000007fefe4f1000 	C:\Windows\system32\SHLWAPI.dll
0x000007fef6bd0000 - 0x000007fef6c70000 	C:\Windows\WinSxS\amd64_microsoft.windows.common-controls_6595b64144ccf1df_5.82.7601.17514_none_a4d6a923711520a9\COMCTL32.dll
0x000007fefe280000 - 0x000007fefe317000 	C:\Windows\system32\COMDLG32.dll
0x000007fefad80000 - 0x000007fefad96000 	C:\Windows\system32\NETAPI32.dll
0x000007fefc560000 - 0x000007fefc56c000 	C:\Windows\system32\netutils.dll
0x000007fefcb40000 - 0x000007fefcb63000 	C:\Windows\system32\srvcli.dll
0x000007fefad60000 - 0x000007fefad75000 	C:\Windows\system32\wkscli.dll
0x000007fefe5e0000 - 0x000007fefe7e3000 	C:\Windows\system32\ole32.dll
0x000007feff450000 - 0x000007feff527000 	C:\Windows\system32\OLEAUT32.dll
0x0000000074970000 - 0x0000000074a31000 	C:\Program Files\MATLAB\R2012b\bin\win64\mcr.dll
0x0000000075000000 - 0x00000000753e9000 	C:\Program Files\MATLAB\R2012b\bin\win64\iqm.dll
0x0000000074e80000 - 0x0000000074f38000 	C:\Program Files\MATLAB\R2012b\bin\win64\m_dispatcher.dll
0x0000000074880000 - 0x000000007496d000 	C:\Program Files\MATLAB\R2012b\bin\win64\boost_regex-vc90-mt-1_44.dll
0x000007feec1c0000 - 0x000007feeca31000 	C:\Program Files\MATLAB\R2012b\bin\win64\m_interpreter.dll
0x0000000071fd0000 - 0x0000000071ff7000 	C:\Program Files\MATLAB\R2012b\bin\win64\libmex.dll
0x0000000071f40000 - 0x0000000071fc4000 	C:\Program Files\MATLAB\R2012b\bin\win64\profiler.dll
0x0000000004f40000 - 0x00000000051aa000 	C:\Program Files\MATLAB\R2012b\bin\win64\libmwmathutil.dll
0x0000000079f40000 - 0x0000000079f6e000 	C:\Program Files\MATLAB\R2012b\bin\win64\libmwmathrng.dll
0x00000000051d0000 - 0x00000000051e2000 	C:\Program Files\MATLAB\R2012b\bin\win64\libmwmfl_rng.dll
0x0000000074c10000 - 0x0000000074cee000 	C:\Program Files\MATLAB\R2012b\bin\win64\libmwmathcore.dll
0x0000000076160000 - 0x00000000761ca000 	C:\Program Files\MATLAB\R2012b\bin\win64\libmwspmatrix.dll
0x0000000075ea0000 - 0x0000000075f02000 	C:\Program Files\MATLAB\R2012b\bin\win64\libmwcholmod.dll
0x000000007a460000 - 0x000000007a46d000 	C:\Program Files\MATLAB\R2012b\bin\win64\libmwamd.dll
0x000000007a4b0000 - 0x000000007a4bc000 	C:\Program Files\MATLAB\R2012b\bin\win64\libmwcolamd.dll
0x000000007a290000 - 0x000000007a2a9000 	C:\Program Files\MATLAB\R2012b\bin\win64\libmwblas.dll
0x000000007a310000 - 0x000000007a321000 	C:\Program Files\MATLAB\R2012b\bin\win64\libmwbinder.dll
0x000000007a4d0000 - 0x000000007a4dc000 	C:\Program Files\MATLAB\R2012b\bin\win64\libmwompwrapper.dll
0x0000000005280000 - 0x0000000005305000 	C:\Program Files\MATLAB\R2012b\bin\win64\libmwlapack.dll
0x0000000071d70000 - 0x0000000071d91000 	C:\Program Files\MATLAB\R2012b\bin\win64\m_pcodeio.dll
0x0000000079b10000 - 0x0000000079b77000 	C:\Program Files\MATLAB\R2012b\bin\win64\m_ir.dll
0x0000000068e60000 - 0x00000000694d0000 	C:\Program Files\MATLAB\R2012b\bin\win64\m_parser.dll
0x0000000072570000 - 0x000000007258a000 	C:\Program Files\MATLAB\R2012b\bin\win64\ir_xfmr.dll
0x000007feebf20000 - 0x000007feec1b6000 	C:\Program Files\MATLAB\R2012b\bin\win64\mcos.dll
0x0000000071f20000 - 0x0000000071f31000 	C:\Program Files\MATLAB\R2012b\bin\win64\mtok.dll
0x0000000071d30000 - 0x0000000071d61000 	C:\Program Files\MATLAB\R2012b\bin\win64\m_pcodegen.dll
0x0000000079fb0000 - 0x0000000079fe6000 	C:\Program Files\MATLAB\R2012b\bin\win64\libmwbridge.dll
0x000000006eb50000 - 0x000000006ec18000 	C:\Program Files\MATLAB\R2012b\bin\win64\udd.dll
0x000000006ddb0000 - 0x000000006df02000 	C:\Program Files\MATLAB\R2012b\bin\win64\libmwgui.dll
0x0000000071d10000 - 0x0000000071d27000 	C:\Program Files\MATLAB\R2012b\bin\win64\graphics_util.dll
0x0000000068400000 - 0x0000000068e5f000 	C:\Program Files\MATLAB\R2012b\bin\win64\hg.dll
0x00000000053e0000 - 0x0000000005448000 	C:\Program Files\MATLAB\R2012b\bin\win64\libmat.dll
0x0000000072d30000 - 0x0000000072f44000 	C:\Program Files\MATLAB\R2012b\bin\win64\hdf5dll.dll
0x0000000075710000 - 0x00000000757de000 	C:\Program Files\MATLAB\R2012b\bin\win64\jmi.dll
0x0000000005480000 - 0x000000000548d000 	C:\Program Files\MATLAB\R2012b\bin\win64\nativejava_services.dll
0x000000006eb00000 - 0x000000006eb46000 	C:\Program Files\MATLAB\R2012b\bin\win64\libmwhardcopy.dll
0x000000006ea50000 - 0x000000006eab3000 	C:\Program Files\MATLAB\R2012b\bin\win64\libuij.dll
0x000000006db40000 - 0x000000006dda4000 	C:\Program Files\MATLAB\R2012b\bin\win64\hgdatatypes.dll
0x000000006da20000 - 0x000000006db3f000 	C:\Program Files\MATLAB\R2012b\bin\win64\hgutils.dll
0x000000006d960000 - 0x000000006da20000 	C:\Program Files\MATLAB\R2012b\bin\win64\udd_mi.dll
0x00000000054f0000 - 0x000000000552b000 	C:\Program Files\MATLAB\R2012b\bin\win64\libmwgbtutils.dll
0x0000000005540000 - 0x000000000555b000 	C:\Program Files\MATLAB\R2012b\bin\win64\libmwgbt.dll
0x0000000005570000 - 0x0000000005841000 	C:\Program Files\MATLAB\R2012b\bin\win64\uiw.dll
0x0000000072fc0000 - 0x0000000072fcf000 	C:\Program Files\MATLAB\R2012b\bin\win64\uinone.dll
0x0000000005870000 - 0x0000000005899000 	C:\Program Files\MATLAB\R2012b\bin\win64\libmwnativefiledialogs.dll
0x00000000058b0000 - 0x00000000058b8000 	C:\Program Files\MATLAB\R2012b\bin\win64\libmwplatform_res.dll
0x000007fef9bf0000 - 0x000007fef9c08000 	C:\Windows\system32\MPR.dll
0x0000000067f10000 - 0x00000000683f4000 	C:\Windows\WinSxS\amd64_microsoft.vc90.mfc_1fc8b3b9a1e18e3b_9.0.30729.6161_none_044aad0bab1eb146\mfc90.dll
0x000007fef6a30000 - 0x000007fef6a37000 	C:\Windows\system32\MSIMG32.dll
0x000007fef75c0000 - 0x000007fef7631000 	C:\Windows\system32\WINSPOOL.DRV
0x0000000070dd0000 - 0x0000000070df2000 	C:\Program Files\MATLAB\R2012b\bin\win64\mwoles05.DLL
0x000000006e920000 - 0x000000006e99d000 	C:\Program Files\MATLAB\R2012b\bin\win64\comcli.dll
0x0000000072620000 - 0x000000007264f000 	C:\Windows\WinSxS\amd64_microsoft.vc90.atl_1fc8b3b9a1e18e3b_9.0.30729.6161_none_0a1fd3a3a768b895\ATL90.DLL
0x00000000725b0000 - 0x00000000725bc000 	C:\Program Files\MATLAB\R2012b\bin\win64\mlautoregister.dll
0x000007feff110000 - 0x000007feff13e000 	C:\Windows\system32\IMM32.DLL
0x000007fefeac0000 - 0x000007fefebc9000 	C:\Windows\system32\MSCTF.dll
0x0000000005920000 - 0x000000000595f000 	C:\PROGRA~2\Sophos\SOPHOS~1\SOPHOS~2.DLL
0x000007fefb4d0000 - 0x000007fefb526000 	C:\Windows\system32\UxTheme.dll
0x000007fefb070000 - 0x000007fefb088000 	C:\Windows\system32\dwmapi.dll
0x0000000071d00000 - 0x0000000071d0d000 	C:\Windows\WinSxS\amd64_microsoft.vc90.mfcloc_1fc8b3b9a1e18e3b_9.0.30729.6161_none_01c9581e60cbee58\MFC90ENU.DLL
0x0000000078870000 - 0x0000000078ecd000 	C:\Program Files\MATLAB\R2012b\sys\java\jre\win64\jre\bin\server\jvm.dll
0x000007fefb490000 - 0x000007fefb4cb000 	C:\Windows\system32\WINMM.dll
0x000007fefd0a0000 - 0x000007fefd0af000 	C:\Windows\system32\profapi.dll
0x000007fefb910000 - 0x000007fefb925000 	C:\Windows\system32\NLAapi.dll
0x000007fef6cc0000 - 0x000007fef6cd5000 	C:\Windows\system32\napinsp.dll
0x000007fef6ca0000 - 0x000007fef6cb9000 	C:\Windows\system32\pnrpnsp.dll
0x000007fefc8d0000 - 0x000007fefc925000 	C:\Windows\System32\mswsock.dll
0x000007fefc750000 - 0x000007fefc7ab000 	C:\Windows\system32\DNSAPI.dll
0x000007fef6c90000 - 0x000007fef6c9b000 	C:\Windows\System32\winrnr.dll

VM Arguments:
jvm_args: -Xss512k -XX:PermSize=32m -Xms64m -XX:NewRatio=3 -XX:MaxPermSize=128m -Xmx196m -XX:MaxDirectMemorySize=2147400000 -Dsun.java2d.noddraw=true -Dsun.awt.nopixfmt=true -Xshare:off -Xrs -Dsun.awt.disableMixing=true -Djava.library.path=C:\Program Files\MATLAB\R2012b\bin\win64;C:\Program Files\MATLAB\R2012b\sys\jxbrowser\win64\lib vfprintf abort 
java_command: <unknown>
Launcher Type: generic

Environment Variables:
CLASSPATH=.;C:\Program Files (x86)\Java\jre6\lib\ext\QTJava.zip
PATH=
[error occurred during error reporting (printing environment variables), id 0xc0000005]



---------------  S Y S T E M  ---------------

OS: Windows 7 Build 7601 Service Pack 1

CPU:total 2 (2 cores per cpu, 1 threads per core) family 6 model 23 stepping 10, cmov, cx8, fxsr, mmx, sse, sse2, sse3, ssse3, sse4.1

Memory: 4k page, physical 16643696k(11775816k free), swap 33285532k(26720820k free)

vm_info: Java HotSpot(TM) 64-Bit Server VM (14.3-b01) for windows-amd64 JRE (1.6.0_17-b04), built on Oct 11 2009 00:46:08 by "java_re" with MS VC++ 8.0

time: Wed Jul 31 12:12:12 2013
elapsed time: 1921 seconds

