#
# A fatal error has been detected by the Java Runtime Environment:
#
#  Internal Error (os_windows_x86.cpp:114), pid=2440, tid=7852
#  Error: guarantee(result == -1,"Unexpected result from topLevelExceptionFilter")
#
# JRE version: 6.0_17-b04
# Java VM: Java HotSpot(TM) 64-Bit Server VM (14.3-b01 mixed mode windows-amd64 )
# If you would like to submit a bug report, please visit:
#   http://java.sun.com/webapps/bugreport/crash.jsp
# The crash happened outside the Java Virtual Machine in native code.
# See problematic frame for where to report the bug.
#

---------------  T H R E A D  ---------------

Current thread (0x0000000005bfe800):  JavaThread "main" [_thread_in_native, id=7852, stack(0x0000000000160000,0x0000000004160000)]

Stack: [0x0000000000160000,0x0000000004160000]
[error occurred during error reporting (printing stack bounds), id 0xc0000005]

Java frames: (J=compiled Java code, j=interpreted, Vv=VM code)
j  com.mathworks.jmi.NativeMatlab.ProcessPendingEvents()Z+0
j  com.mathworks.jmi.NativeMatlab.processPendingEvents()Z+8
j  com.mathworks.jmi.Matlab$ProcessPendingEvents.callBooleanMethod(Ljava/lang/Object;)Z+0
j  com.mathworks.util.FactoryUtils.processPendingEvents()Z+12
j  com.mathworks.mde.desk.MLDesktop.canClose()Z+84
j  com.mathworks.mde.desk.MLDesktop$2.call()Ljava/lang/Boolean;+4
j  com.mathworks.mde.desk.MLDesktop$2.call()Ljava/lang/Object;+1
j  com.mathworks.jmi.Matlab.isOkToExit()Z+54
v  ~StubRoutines::call_stub
j  com.mathworks.jmi.NativeMatlab.SendMatlabMessage(Ljava/lang/Object;)Ljava/lang/Object;+0
j  com.mathworks.jmi.NativeMatlab.sendMatlabMessage(Ljava/lang/Object;)Ljava/lang/Object;+22
j  com.mathworks.jmi.MatlabLooper.sendMatlabMessage(Lcom/mathworks/services/message/MWMessage;)Ljava/lang/Object;+20
j  com.mathworks.jmi.Matlab.mtFevalConsoleOutput(Ljava/lang/String;[Ljava/lang/Object;I)Ljava/lang/Object;+58
j  com.mathworks.mde.desk.MLDesktop$8.run()V+14
j  com.mathworks.jmi.NativeMatlab.dispatchMTRequests(Z)V+57
v  ~StubRoutines::call_stub

---------------  P R O C E S S  ---------------

Java Threads: ( => current thread )
  0x000000000f05b000 JavaThread "Foxtrot Multi Worker Thread Runner #1" daemon [_thread_blocked, id=648, stack(0x000000005d930000,0x000000005d9b0000)]
  0x000000000f051000 JavaThread "Prefs Updater" daemon [_thread_blocked, id=2504, stack(0x000000005d7f0000,0x000000005d870000)]
  0x000000000f057800 JavaThread "Swing-Shell" daemon [_thread_blocked, id=4212, stack(0x000000005d8a0000,0x000000005d920000)]
  0x000000000f053000 JavaThread "Active Reference Queue Daemon" daemon [_thread_blocked, id=3764, stack(0x0000000054fd0000,0x0000000055050000)]
  0x000000000f052000 JavaThread "Timer-8" daemon [_thread_blocked, id=1728, stack(0x000000004cd70000,0x000000004cdf0000)]
  0x000000000f053800 JavaThread "Timer-7" daemon [_thread_blocked, id=4724, stack(0x000000005f3e0000,0x000000005f460000)]
  0x000000000f051800 JavaThread "Explorer NavigationContext request queue" [_thread_blocked, id=6236, stack(0x0000000059170000,0x00000000591f0000)]
  0x000000000f050000 JavaThread "AddressBar directory emptiness poller" [_thread_blocked, id=4836, stack(0x000000005f2b0000,0x000000005f330000)]
  0x000000000f04f800 JavaThread "Explorer Refresh Service 1864228364" [_thread_blocked, id=4748, stack(0x00000000590e0000,0x0000000059160000)]
  0x000000000f04e800 JavaThread "TimerQueue" daemon [_thread_blocked, id=2180, stack(0x00000000213a0000,0x0000000021420000)]
  0x000000000f04e000 JavaThread "Thread-5" daemon [_thread_blocked, id=7356, stack(0x000000001d230000,0x000000001d2b0000)]
  0x000000000f04d000 JavaThread "FelixPackageAdmin" daemon [_thread_blocked, id=5536, stack(0x0000000008930000,0x00000000089b0000)]
  0x000000000f04c800 JavaThread "FelixStartLevel" daemon [_thread_blocked, id=4964, stack(0x0000000019040000,0x00000000190c0000)]
  0x000000000f04b800 JavaThread "FelixDispatchQueue" daemon [_thread_blocked, id=5848, stack(0x000000000fcd0000,0x000000000fd50000)]
  0x000000000eec5000 JavaThread "AWT-EventQueue-0" [_thread_in_Java, id=7992, stack(0x000000000cd50000,0x000000000cdd0000)]
  0x000000000eec2800 JavaThread "com.google.common.base.internal.Finalizer" daemon [_thread_blocked, id=6024, stack(0x000000000fe10000,0x000000000fe90000)]
  0x000000000ed5a000 JavaThread "AWT-Windows" daemon [_thread_in_native, id=5164, stack(0x000000000fd80000,0x000000000fe00000)]
  0x000000000ed59000 JavaThread "AWT-Shutdown" [_thread_blocked, id=4128, stack(0x000000000fc30000,0x000000000fcb0000)]
  0x000000000ed58800 JavaThread "Java2D Disposer" daemon [_thread_blocked, id=3388, stack(0x00000000089d0000,0x0000000008a50000)]
  0x000000000eb39800 JavaThread "Timer-0" [_thread_blocked, id=5744, stack(0x0000000008a50000,0x0000000008ad0000)]
  0x000000000e9c6800 JavaThread "EventMgr Dispatcher" daemon [_thread_in_native, id=7484, stack(0x0000000008d50000,0x000000000cd50000)]
  0x0000000008500000 JavaThread "Low Memory Detector" daemon [_thread_blocked, id=4916, stack(0x0000000008bc0000,0x0000000008c40000)]
  0x00000000084fb800 JavaThread "CompilerThread1" daemon [_thread_blocked, id=7700, stack(0x00000000550c0000,0x00000000590c0000)]
  0x00000000084f6800 JavaThread "CompilerThread0" daemon [_thread_blocked, id=7720, stack(0x0000000050fd0000,0x0000000054fd0000)]
  0x00000000084f5800 JavaThread "Attach Listener" daemon [_thread_blocked, id=7840, stack(0x00000000088a0000,0x0000000008920000)]
  0x000000000849b800 JavaThread "Finalizer" daemon [_thread_blocked, id=7212, stack(0x0000000008690000,0x0000000008710000)]
  0x0000000008493000 JavaThread "Reference Handler" daemon [_thread_blocked, id=7880, stack(0x0000000008810000,0x0000000008890000)]
=>0x0000000005bfe800 JavaThread "main" [_thread_in_native, id=7852, stack(0x0000000000160000,0x0000000004160000)]

Other Threads:
  0x0000000008492800 VMThread [stack: 0x000000004ce10000,0x0000000050e10000] [id=4868]
  0x0000000008534000 WatcherThread [stack: 0x00000000592a0000,0x000000005d2a0000] [id=4448]

VM state:not at safepoint (normal execution)

VM Mutex/Monitor currently owned by a thread: None

Heap
 PSYoungGen      total 33472K, used 12283K [0x0000000041a90000, 0x0000000044b90000, 0x0000000044b90000)
  eden space 16768K, 72% used [0x0000000041a90000,0x0000000042666e08,0x0000000042af0000)
  from space 16704K, 0% used [0x0000000043b40000,0x0000000043b68000,0x0000000044b90000)
  to   space 16704K, 0% used [0x0000000042af0000,0x0000000042af0000,0x0000000043b40000)
 PSOldGen        total 96256K, used 83159K [0x0000000038790000, 0x000000003e590000, 0x0000000041a90000)
  object space 96256K, 86% used [0x0000000038790000,0x000000003d8c5fe0,0x000000003e590000)
 PSPermGen       total 122944K, used 68043K [0x0000000030790000, 0x0000000037fa0000, 0x0000000038790000)
  object space 122944K, 55% used [0x0000000030790000,0x0000000034a03178,0x0000000037fa0000)

Dynamic libraries:
0x000000013f780000 - 0x000000013f7ad000 	C:\Program Files\MATLAB\R2012b\bin\win64\matlab.exe
0x00000000772c0000 - 0x0000000077469000 	C:\Windows\SYSTEM32\ntdll.dll
0x00000000771a0000 - 0x00000000772bf000 	C:\Windows\system32\kernel32.dll
0x000007fefd3c0000 - 0x000007fefd42b000 	C:\Windows\system32\KERNELBASE.dll
0x0000000074460000 - 0x000000007451f000 	C:\Program Files\MATLAB\R2012b\bin\win64\libut.dll
0x00000000758a0000 - 0x000000007595c000 	C:\Program Files\MATLAB\R2012b\bin\win64\libmwi18n.dll
0x0000000180000000 - 0x000000018000b000 	C:\Program Files\MATLAB\R2012b\bin\win64\libmwresource_core.dll
0x0000000073110000 - 0x00000000731e3000 	C:\Windows\WinSxS\amd64_microsoft.vc90.crt_1fc8b3b9a1e18e3b_9.0.30729.6161_none_08e61857a83bc251\MSVCP90.dll
0x0000000071a20000 - 0x0000000071ac3000 	C:\Windows\WinSxS\amd64_microsoft.vc90.crt_1fc8b3b9a1e18e3b_9.0.30729.6161_none_08e61857a83bc251\MSVCR90.dll
0x000000007a170000 - 0x000000007a19c000 	C:\Program Files\MATLAB\R2012b\bin\win64\boost_filesystem-vc90-mt-1_44.dll
0x000000007a560000 - 0x000000007a569000 	C:\Program Files\MATLAB\R2012b\bin\win64\boost_system-vc90-mt-1_44.dll
0x000007fefe500000 - 0x000007fefe5db000 	C:\Windows\system32\ADVAPI32.dll
0x000007fefea20000 - 0x000007fefeabf000 	C:\Windows\system32\msvcrt.dll
0x000007fefebd0000 - 0x000007fefebef000 	C:\Windows\SYSTEM32\sechost.dll
0x000007fefef90000 - 0x000007feff0bd000 	C:\Windows\system32\RPCRT4.dll
0x000000007a010000 - 0x000000007a035000 	C:\Program Files\MATLAB\R2012b\bin\win64\LIBEXPAT.dll
0x0000000068e90000 - 0x0000000069081000 	C:\Program Files\MATLAB\R2012b\bin\win64\icuin44.dll
0x000000006e120000 - 0x000000006e291000 	C:\Program Files\MATLAB\R2012b\bin\win64\icuuc44.dll
0x0000000010000000 - 0x0000000010e41000 	C:\Program Files\MATLAB\R2012b\bin\win64\icudt44.dll
0x0000000073f70000 - 0x000000007411d000 	C:\Program Files\MATLAB\R2012b\bin\win64\libmwfl.dll
0x0000000004300000 - 0x00000000046b6000 	C:\Program Files\MATLAB\R2012b\bin\win64\libmwMATLAB_res.dll
0x000000007a3b0000 - 0x000000007a3c0000 	C:\Program Files\MATLAB\R2012b\bin\win64\boost_date_time-vc90-mt-1_44.dll
0x000000007a250000 - 0x000000007a263000 	C:\Program Files\MATLAB\R2012b\bin\win64\boost_signals-vc90-mt-1_44.dll
0x000000007a2d0000 - 0x000000007a2e2000 	C:\Program Files\MATLAB\R2012b\bin\win64\boost_thread-vc90-mt-1_44.dll
0x00000000046c0000 - 0x000000000477d000 	C:\Program Files\MATLAB\R2012b\bin\win64\boost_log-vc90-mt-1_44.dll
0x0000000077480000 - 0x0000000077487000 	C:\Windows\system32\PSAPI.DLL
0x000007feff0c0000 - 0x000007feff10d000 	C:\Windows\system32\WS2_32.dll
0x000007fefe320000 - 0x000007fefe328000 	C:\Windows\system32\NSI.dll
0x00000000041a0000 - 0x00000000041e6000 	C:\Program Files\MATLAB\R2012b\bin\win64\tbb.dll
0x000007fefe260000 - 0x000007fefe279000 	C:\Windows\system32\imagehlp.dll
0x0000000071fe0000 - 0x0000000071ff3000 	C:\Program Files\MATLAB\R2012b\bin\win64\icuio44.dll
0x000007fef6e30000 - 0x000007fef6f55000 	C:\Windows\system32\dbghelp.dll
0x00000000770a0000 - 0x000000007719a000 	C:\Windows\system32\USER32.dll
0x000007fefe400000 - 0x000007fefe467000 	C:\Windows\system32\GDI32.dll
0x000007fefe470000 - 0x000007fefe47e000 	C:\Windows\system32\LPK.dll
0x000007fefe330000 - 0x000007fefe3f9000 	C:\Windows\system32\USP10.dll
0x0000000004790000 - 0x0000000004a6c000 	C:\Program Files\MATLAB\R2012b\bin\win64\libmwservices.dll
0x0000000075a20000 - 0x0000000075af3000 	C:\Program Files\MATLAB\R2012b\bin\win64\libmx.dll
0x0000000004a90000 - 0x0000000004ab9000 	C:\Program Files\MATLAB\R2012b\bin\win64\tbbmalloc.dll
0x000000007a210000 - 0x000000007a228000 	C:\Program Files\MATLAB\R2012b\bin\win64\zlib1.dll
0x0000000004ae0000 - 0x0000000004b2d000 	C:\Program Files\MATLAB\R2012b\bin\win64\libmwregexp.dll
0x0000000004b40000 - 0x0000000004b63000 	C:\Program Files\MATLAB\R2012b\bin\win64\libmwmfl_scalar.dll
0x0000000075f10000 - 0x0000000075f60000 	C:\Program Files\MATLAB\R2012b\bin\win64\mpath.dll
0x000000007b680000 - 0x000000007bc9a000 	C:\Program Files\MATLAB\R2012b\bin\win64\mlutil.dll
0x00000000754d0000 - 0x0000000075551000 	C:\Program Files\MATLAB\R2012b\bin\win64\xmlcore.dll
0x0000000004bb0000 - 0x0000000004e03000 	C:\Program Files\MATLAB\R2012b\bin\win64\xerces-c_2_7.dll
0x0000000004e20000 - 0x0000000004e40000 	C:\Program Files\MATLAB\R2012b\bin\win64\libmwMATLAB_settings_res.dll
0x0000000004e50000 - 0x0000000004e60000 	C:\Program Files\MATLAB\R2012b\bin\win64\boost_iostreams-vc90-mt-1_44.dll
0x0000000004e70000 - 0x0000000004eb7000 	C:\Program Files\MATLAB\R2012b\bin\win64\boost_serialization-vc90-mt-1_44.dll
0x000007fefd4d0000 - 0x000007fefe258000 	C:\Windows\system32\SHELL32.dll
0x000007fefe480000 - 0x000007fefe4f1000 	C:\Windows\system32\SHLWAPI.dll
0x000007fef6bd0000 - 0x000007fef6c70000 	C:\Windows\WinSxS\amd64_microsoft.windows.common-controls_6595b64144ccf1df_5.82.7601.17514_none_a4d6a923711520a9\COMCTL32.dll
0x000007fefe280000 - 0x000007fefe317000 	C:\Windows\system32\COMDLG32.dll
0x000007fefad80000 - 0x000007fefad96000 	C:\Windows\system32\NETAPI32.dll
0x000007fefc560000 - 0x000007fefc56c000 	C:\Windows\system32\netutils.dll
0x000007fefcb40000 - 0x000007fefcb63000 	C:\Windows\system32\srvcli.dll
0x000007fefad60000 - 0x000007fefad75000 	C:\Windows\system32\wkscli.dll
0x000007fefe5e0000 - 0x000007fefe7e3000 	C:\Windows\system32\ole32.dll
0x000007feff450000 - 0x000007feff527000 	C:\Windows\system32\OLEAUT32.dll
0x0000000074970000 - 0x0000000074a31000 	C:\Program Files\MATLAB\R2012b\bin\win64\mcr.dll
0x0000000075000000 - 0x00000000753e9000 	C:\Program Files\MATLAB\R2012b\bin\win64\iqm.dll
0x0000000074e80000 - 0x0000000074f38000 	C:\Program Files\MATLAB\R2012b\bin\win64\m_dispatcher.dll
0x0000000074880000 - 0x000000007496d000 	C:\Program Files\MATLAB\R2012b\bin\win64\boost_regex-vc90-mt-1_44.dll
0x000007fee1490000 - 0x000007fee1d01000 	C:\Program Files\MATLAB\R2012b\bin\win64\m_interpreter.dll
0x0000000071fb0000 - 0x0000000071fd7000 	C:\Program Files\MATLAB\R2012b\bin\win64\libmex.dll
0x000000006e090000 - 0x000000006e114000 	C:\Program Files\MATLAB\R2012b\bin\win64\profiler.dll
0x0000000004f40000 - 0x00000000051aa000 	C:\Program Files\MATLAB\R2012b\bin\win64\libmwmathutil.dll
0x0000000079f40000 - 0x0000000079f6e000 	C:\Program Files\MATLAB\R2012b\bin\win64\libmwmathrng.dll
0x00000000051d0000 - 0x00000000051e2000 	C:\Program Files\MATLAB\R2012b\bin\win64\libmwmfl_rng.dll
0x0000000074c10000 - 0x0000000074cee000 	C:\Program Files\MATLAB\R2012b\bin\win64\libmwmathcore.dll
0x0000000076160000 - 0x00000000761ca000 	C:\Program Files\MATLAB\R2012b\bin\win64\libmwspmatrix.dll
0x0000000075ea0000 - 0x0000000075f02000 	C:\Program Files\MATLAB\R2012b\bin\win64\libmwcholmod.dll
0x000000007a460000 - 0x000000007a46d000 	C:\Program Files\MATLAB\R2012b\bin\win64\libmwamd.dll
0x000000007a4b0000 - 0x000000007a4bc000 	C:\Program Files\MATLAB\R2012b\bin\win64\libmwcolamd.dll
0x000000007a290000 - 0x000000007a2a9000 	C:\Program Files\MATLAB\R2012b\bin\win64\libmwblas.dll
0x000000007a310000 - 0x000000007a321000 	C:\Program Files\MATLAB\R2012b\bin\win64\libmwbinder.dll
0x000000007a4d0000 - 0x000000007a4dc000 	C:\Program Files\MATLAB\R2012b\bin\win64\libmwompwrapper.dll
0x0000000005280000 - 0x0000000005305000 	C:\Program Files\MATLAB\R2012b\bin\win64\libmwlapack.dll
0x0000000071f40000 - 0x0000000071f61000 	C:\Program Files\MATLAB\R2012b\bin\win64\m_pcodeio.dll
0x0000000079b10000 - 0x0000000079b77000 	C:\Program Files\MATLAB\R2012b\bin\win64\m_ir.dll
0x0000000064910000 - 0x0000000064f80000 	C:\Program Files\MATLAB\R2012b\bin\win64\m_parser.dll
0x0000000072fd0000 - 0x0000000072fea000 	C:\Program Files\MATLAB\R2012b\bin\win64\ir_xfmr.dll
0x000007feeb810000 - 0x000007feebaa6000 	C:\Program Files\MATLAB\R2012b\bin\win64\mcos.dll
0x0000000071f20000 - 0x0000000071f31000 	C:\Program Files\MATLAB\R2012b\bin\win64\mtok.dll
0x000000006e890000 - 0x000000006e8c1000 	C:\Program Files\MATLAB\R2012b\bin\win64\m_pcodegen.dll
0x0000000079fb0000 - 0x0000000079fe6000 	C:\Program Files\MATLAB\R2012b\bin\win64\libmwbridge.dll
0x000000006e2c0000 - 0x000000006e388000 	C:\Program Files\MATLAB\R2012b\bin\win64\udd.dll
0x000000006d3d0000 - 0x000000006d522000 	C:\Program Files\MATLAB\R2012b\bin\win64\libmwgui.dll
0x000000006ead0000 - 0x000000006eae7000 	C:\Program Files\MATLAB\R2012b\bin\win64\graphics_util.dll
0x0000000062ff0000 - 0x0000000063a4f000 	C:\Program Files\MATLAB\R2012b\bin\win64\hg.dll
0x00000000053e0000 - 0x0000000005448000 	C:\Program Files\MATLAB\R2012b\bin\win64\libmat.dll
0x0000000072d30000 - 0x0000000072f44000 	C:\Program Files\MATLAB\R2012b\bin\win64\hdf5dll.dll
0x0000000075710000 - 0x00000000757de000 	C:\Program Files\MATLAB\R2012b\bin\win64\jmi.dll
0x0000000005480000 - 0x000000000548d000 	C:\Program Files\MATLAB\R2012b\bin\win64\nativejava_services.dll
0x000000006e040000 - 0x000000006e086000 	C:\Program Files\MATLAB\R2012b\bin\win64\libmwhardcopy.dll
0x000000006dfd0000 - 0x000000006e033000 	C:\Program Files\MATLAB\R2012b\bin\win64\libuij.dll
0x00000000663e0000 - 0x0000000066644000 	C:\Program Files\MATLAB\R2012b\bin\win64\hgdatatypes.dll
0x0000000068d70000 - 0x0000000068e8f000 	C:\Program Files\MATLAB\R2012b\bin\win64\hgutils.dll
0x000000006d870000 - 0x000000006d930000 	C:\Program Files\MATLAB\R2012b\bin\win64\udd_mi.dll
0x00000000054f0000 - 0x000000000552b000 	C:\Program Files\MATLAB\R2012b\bin\win64\libmwgbtutils.dll
0x0000000005540000 - 0x000000000555b000 	C:\Program Files\MATLAB\R2012b\bin\win64\libmwgbt.dll
0x0000000005570000 - 0x0000000005841000 	C:\Program Files\MATLAB\R2012b\bin\win64\uiw.dll
0x0000000072530000 - 0x000000007253f000 	C:\Program Files\MATLAB\R2012b\bin\win64\uinone.dll
0x0000000005870000 - 0x0000000005899000 	C:\Program Files\MATLAB\R2012b\bin\win64\libmwnativefiledialogs.dll
0x00000000058b0000 - 0x00000000058b8000 	C:\Program Files\MATLAB\R2012b\bin\win64\libmwplatform_res.dll
0x000007fef9bf0000 - 0x000007fef9c08000 	C:\Windows\system32\MPR.dll
0x0000000065ef0000 - 0x00000000663d4000 	C:\Windows\WinSxS\amd64_microsoft.vc90.mfc_1fc8b3b9a1e18e3b_9.0.30729.6161_none_044aad0bab1eb146\mfc90.dll
0x000007fef6a30000 - 0x000007fef6a37000 	C:\Windows\system32\MSIMG32.dll
0x000007fef75c0000 - 0x000007fef7631000 	C:\Windows\system32\WINSPOOL.DRV
0x000000006eb90000 - 0x000000006ebb2000 	C:\Program Files\MATLAB\R2012b\bin\win64\mwoles05.DLL
0x000000006df50000 - 0x000000006dfcd000 	C:\Program Files\MATLAB\R2012b\bin\win64\comcli.dll
0x0000000072620000 - 0x000000007264f000 	C:\Windows\WinSxS\amd64_microsoft.vc90.atl_1fc8b3b9a1e18e3b_9.0.30729.6161_none_0a1fd3a3a768b895\ATL90.DLL
0x0000000072570000 - 0x000000007257c000 	C:\Program Files\MATLAB\R2012b\bin\win64\mlautoregister.dll
0x000007feff110000 - 0x000007feff13e000 	C:\Windows\system32\IMM32.DLL
0x000007fefeac0000 - 0x000007fefebc9000 	C:\Windows\system32\MSCTF.dll
0x0000000005920000 - 0x000000000595f000 	C:\PROGRA~2\Sophos\SOPHOS~1\SOPHOS~2.DLL
0x000007fefb4d0000 - 0x000007fefb526000 	C:\Windows\system32\UxTheme.dll
0x000007fefb070000 - 0x000007fefb088000 	C:\Windows\system32\dwmapi.dll
0x0000000071fa0000 - 0x0000000071fad000 	C:\Windows\WinSxS\amd64_microsoft.vc90.mfcloc_1fc8b3b9a1e18e3b_9.0.30729.6161_none_01c9581e60cbee58\MFC90ENU.DLL
0x0000000078870000 - 0x0000000078ecd000 	C:\Program Files\MATLAB\R2012b\sys\java\jre\win64\jre\bin\server\jvm.dll
0x000007fefb490000 - 0x000007fefb4cb000 	C:\Windows\system32\WINMM.dll
0x000007fefd0a0000 - 0x000007fefd0af000 	C:\Windows\system32\profapi.dll
0x000007fefb910000 - 0x000007fefb925000 	C:\Windows\system32\NLAapi.dll
0x000007fef6cc0000 - 0x000007fef6cd5000 	C:\Windows\system32\napinsp.dll
0x000007fef6ca0000 - 0x000007fef6cb9000 	C:\Windows\system32\pnrpnsp.dll
0x000007fefc8d0000 - 0x000007fefc925000 	C:\Windows\System32\mswsock.dll
0x000007fefc750000 - 0x000007fefc7ab000 	C:\Windows\system32\DNSAPI.dll
0x000007fef6c90000 - 0x000007fef6c9b000 	C:\Windows\System32\winrnr.dll

VM Arguments:
jvm_args: -Xss512k -XX:PermSize=32m -Xms64m -XX:NewRatio=3 -XX:MaxPermSize=128m -Xmx196m -XX:MaxDirectMemorySize=2147400000 -Dsun.java2d.noddraw=true -Dsun.awt.nopixfmt=true -Xshare:off -Xrs -Dsun.awt.disableMixing=true -Djava.library.path=C:\Program Files\MATLAB\R2012b\bin\win64;C:\Program Files\MATLAB\R2012b\sys\jxbrowser\win64\lib vfprintf abort 
java_command: <unknown>
Launcher Type: generic

Environment Variables:
CLASSPATH=.;C:\Program Files (x86)\Java\jre6\lib\ext\QTJava.zip
PATH=
[error occurred during error reporting (printing environment variables), id 0xc0000005]



---------------  S Y S T E M  ---------------

OS: Windows 7 Build 7601 Service Pack 1

CPU:total 2 (2 cores per cpu, 1 threads per core) family 6 model 23 stepping 10, cmov, cx8, fxsr, mmx, sse, sse2, sse3, ssse3, sse4.1

Memory: 4k page, physical 16643696k(10754432k free), swap 33285532k(25660432k free)

vm_info: Java HotSpot(TM) 64-Bit Server VM (14.3-b01) for windows-amd64 JRE (1.6.0_17-b04), built on Oct 11 2009 00:46:08 by "java_re" with MS VC++ 8.0

time: Mon Aug 12 18:02:24 2013
elapsed time: 321 seconds

